<?xml version="1.0" encoding="UTF-8" ?>
<testsuite tests="1" failures="1" name="service.UserServiceImplTest" time="0.048" errors="0" skipped="0">
  <properties>
[...]
</properties>
  <testcase classname="service.UserServiceImplTest" name="UserServiceTest" time="0.048">
    <failure message="OK expected:&lt;User{userName=&apos;admin&apos;, password=&apos;null&apos;, firstName=&apos;first&apos;, lastName=&apos;last&apos;, email=&apos;a@a.ru&apos;, roles=null}&gt; but was:&lt;User{userName=&apos;admin&apos;, password=&apos;$2a$10$wEVSNQ4OXMFuWCxTMRCFsO2FZ7U1UnI4BHKn4gGWulZCqr6ZpuQOS&apos;, firstName=&apos;first&apos;, lastName=&apos;last&apos;, email=&apos;a@a.ru&apos;, roles=[Role{name=&apos;ROLE_ADMIN&apos;}]}&gt;" type="java.lang.AssertionError">java.lang.AssertionError: OK expected:&lt;User{userName=&apos;admin&apos;, password=&apos;null&apos;, firstName=&apos;first&apos;, lastName=&apos;last&apos;, email=&apos;a@a.ru&apos;, roles=null}&gt; but was:&lt;User{userName=&apos;admin&apos;, password=&apos;$2a$10$wEVSNQ4OXMFuWCxTMRCFsO2FZ7U1UnI4BHKn4gGWulZCqr6ZpuQOS&apos;, firstName=&apos;first&apos;, lastName=&apos;last&apos;, email=&apos;a@a.ru&apos;, roles=[Role{name=&apos;ROLE_ADMIN&apos;}]}&gt;
	at org.springframework.test.util.AssertionErrors.fail(AssertionErrors.java:59)
	at org.springframework.test.util.AssertionErrors.assertEquals(AssertionErrors.java:122)
	at service.UserServiceImplTest.UserServiceTest(UserServiceImplTest.java:55)
	at sun.reflect.NativeMethodAccessorImpl.invoke0(Native Method)
	at sun.reflect.NativeMethodAccessorImpl.invoke(NativeMethodAccessorImpl.java:62)
	at sun.reflect.DelegatingMethodAccessorImpl.invoke(DelegatingMethodAccessorImpl.java:43)
	at java.lang.reflect.Method.invoke(Method.java:498)
	at org.junit.runners.model.FrameworkMethod$1.runReflectiveCall(FrameworkMethod.java:50)
	at org.junit.internal.runners.model.ReflectiveCallable.run(ReflectiveCallable.java:12)
	at org.junit.runners.model.FrameworkMethod.invokeExplosively(FrameworkMethod.java:47)
	at org.junit.internal.runners.statements.InvokeMethod.evaluate(InvokeMethod.java:17)
	at org.springframework.test.context.junit4.statements.RunBeforeTestExecutionCallbacks.evaluate(RunBeforeTestExecutionCallbacks.java:74)
	at org.springframework.test.context.junit4.statements.RunAfterTestExecutionCallbacks.evaluate(RunAfterTestExecutionCallbacks.java:84)
	at org.springframework.test.context.junit4.statements.RunBeforeTestMethodCallbacks.evaluate(RunBeforeTestMethodCallbacks.java:75)
	at org.springframework.test.context.junit4.statements.RunAfterTestMethodCallbacks.evaluate(RunAfterTestMethodCallbacks.java:86)
	at org.springframework.test.context.junit4.statements.SpringRepeat.evaluate(SpringRepeat.java:84)
	at org.junit.runners.ParentRunner.runLeaf(ParentRunner.java:325)
	at org.springframework.test.context.junit4.SpringJUnit4ClassRunner.runChild(SpringJUnit4ClassRunner.java:251)
	at org.springframework.test.context.junit4.SpringJUnit4ClassRunner.runChild(SpringJUnit4ClassRunner.java:97)
	at org.junit.runners.ParentRunner$3.run(ParentRunner.java:290)
	at org.junit.runners.ParentRunner$1.schedule(ParentRunner.java:71)
	at org.junit.runners.ParentRunner.runChildren(ParentRunner.java:288)
	at org.junit.runners.ParentRunner.access$000(ParentRunner.java:58)
	at org.junit.runners.ParentRunner$2.evaluate(ParentRunner.java:268)
	at org.springframework.test.context.junit4.statements.RunBeforeTestClassCallbacks.evaluate(RunBeforeTestClassCallbacks.java:61)
	at org.springframework.test.context.junit4.statements.RunAfterTestClassCallbacks.evaluate(RunAfterTestClassCallbacks.java:70)
	at org.junit.runners.ParentRunner.run(ParentRunner.java:363)
	at org.springframework.test.context.junit4.SpringJUnit4ClassRunner.run(SpringJUnit4ClassRunner.java:190)
	at org.apache.maven.surefire.junit4.JUnit4Provider.execute(JUnit4Provider.java:252)
	at org.apache.maven.surefire.junit4.JUnit4Provider.executeTestSet(JUnit4Provider.java:141)
	at org.apache.maven.surefire.junit4.JUnit4Provider.invoke(JUnit4Provider.java:112)
	at sun.reflect.NativeMethodAccessorImpl.invoke0(Native Method)
	at sun.reflect.NativeMethodAccessorImpl.invoke(NativeMethodAccessorImpl.java:62)
	at sun.reflect.DelegatingMethodAccessorImpl.invoke(DelegatingMethodAccessorImpl.java:43)
	at java.lang.reflect.Method.invoke(Method.java:498)
	at org.apache.maven.surefire.util.ReflectionUtils.invokeMethodWithArray(ReflectionUtils.java:189)
	at org.apache.maven.surefire.booter.ProviderFactory$ProviderProxy.invoke(ProviderFactory.java:165)
	at org.apache.maven.surefire.booter.ProviderFactory.invokeProvider(ProviderFactory.java:85)
	at org.apache.maven.surefire.booter.ForkedBooter.runSuitesInProcess(ForkedBooter.java:115)
	at org.apache.maven.surefire.booter.ForkedBooter.main(ForkedBooter.java:75)
</failure>
    <system-out>Hibernate: select user0_.id as id1_7_, user0_.email as email2_7_, user0_.first_name as first_na3_7_, user0_.last_name as last_nam4_7_, user0_.password as password5_7_, user0_.username as username6_7_ from user user0_ where user0_.username=?
Hibernate: select roles0_.user_id as user_id1_8_0_, roles0_.role_id as role_id2_8_0_, role1_.id as id1_5_1_, role1_.name as name2_5_1_ from users_roles roles0_ inner join role role1_ on roles0_.role_id=role1_.id where roles0_.user_id=?
</system-out>
    <system-err>сен 30, 2020 1:22:22 PM org.springframework.test.context.support.AbstractTestContextBootstrapper getDefaultTestExecutionListenerClassNames
INFO: Loaded default TestExecutionListener class names from location [META-INF/spring.factories]: [org.springframework.test.context.web.ServletTestExecutionListener, org.springframework.test.context.support.DirtiesContextBeforeModesTestExecutionListener, org.springframework.test.context.support.DependencyInjectionTestExecutionListener, org.springframework.test.context.support.DirtiesContextTestExecutionListener, org.springframework.test.context.transaction.TransactionalTestExecutionListener, org.springframework.test.context.jdbc.SqlScriptsTestExecutionListener, org.springframework.test.context.event.EventPublishingTestExecutionListener]
сен 30, 2020 1:22:22 PM org.springframework.test.context.support.AbstractTestContextBootstrapper getTestExecutionListeners
INFO: Using TestExecutionListeners: [org.springframework.test.context.web.ServletTestExecutionListener@1653b84e, org.springframework.test.context.support.DirtiesContextBeforeModesTestExecutionListener@7f8a9454, org.springframework.test.context.support.DependencyInjectionTestExecutionListener@6f85ee02, org.springframework.test.context.support.DirtiesContextTestExecutionListener@679d0be8, org.springframework.test.context.transaction.TransactionalTestExecutionListener@6c075e9d, org.springframework.test.context.jdbc.SqlScriptsTestExecutionListener@47044f7d, org.springframework.test.context.event.EventPublishingTestExecutionListener@7b14c61]
сен 30, 2020 1:22:23 PM org.springframework.test.context.transaction.TransactionContext startTransaction
INFO: Began transaction (1) for test context [DefaultTestContext@496cc217 testClass = UserServiceImplTest, testInstance = service.UserServiceImplTest@1a1c21b4, testMethod = UserServiceTest@UserServiceImplTest, testException = [null], mergedContextConfiguration = [WebMergedContextConfiguration@1cd2ff5b testClass = UserServiceImplTest, locations = &apos;{}&apos;, classes = &apos;{class configuration.CustomAuthenticationSuccessHandler, class configuration.DispatcherInitializer, class configuration.Filter, class configuration.MvcConfig}&apos;, contextInitializerClasses = &apos;[]&apos;, activeProfiles = &apos;{}&apos;, propertySourceLocations = &apos;{}&apos;, propertySourceProperties = &apos;{}&apos;, contextCustomizers = set[[empty]], resourceBasePath = &apos;src/main/webapp&apos;, contextLoader = &apos;org.springframework.test.context.web.WebDelegatingSmartContextLoader&apos;, parent = [null]], attributes = map[&apos;org.springframework.test.context.web.ServletTestExecutionListener.populatedRequestContextHolder&apos; -&gt; true, &apos;org.springframework.test.context.web.ServletTestExecutionListener.resetRequestContextHolder&apos; -&gt; true]]; transaction manager [org.springframework.orm.hibernate5.HibernateTransactionManager@dd3f8aa]; rollback [true]
сен 30, 2020 1:22:23 PM org.springframework.test.context.transaction.TransactionContext endTransaction
INFO: Rolled back transaction for test: [DefaultTestContext@496cc217 testClass = UserServiceImplTest, testInstance = service.UserServiceImplTest@1a1c21b4, testMethod = UserServiceTest@UserServiceImplTest, testException = java.lang.AssertionError: OK expected:&lt;User{userName=&apos;admin&apos;, password=&apos;null&apos;, firstName=&apos;first&apos;, lastName=&apos;last&apos;, email=&apos;a@a.ru&apos;, roles=null}&gt; but was:&lt;User{userName=&apos;admin&apos;, password=&apos;$2a$10$wEVSNQ4OXMFuWCxTMRCFsO2FZ7U1UnI4BHKn4gGWulZCqr6ZpuQOS&apos;, firstName=&apos;first&apos;, lastName=&apos;last&apos;, email=&apos;a@a.ru&apos;, roles=[Role{name=&apos;ROLE_ADMIN&apos;}]}&gt;, mergedContextConfiguration = [WebMergedContextConfiguration@1cd2ff5b testClass = UserServiceImplTest, locations = &apos;{}&apos;, classes = &apos;{class configuration.CustomAuthenticationSuccessHandler, class configuration.DispatcherInitializer, class configuration.Filter, class configuration.MvcConfig}&apos;, contextInitializerClasses = &apos;[]&apos;, activeProfiles = &apos;{}&apos;, propertySourceLocations = &apos;{}&apos;, propertySourceProperties = &apos;{}&apos;, contextCustomizers = set[[empty]], resourceBasePath = &apos;src/main/webapp&apos;, contextLoader = &apos;org.springframework.test.context.web.WebDelegatingSmartContextLoader&apos;, parent = [null]], attributes = map[&apos;org.springframework.test.context.web.ServletTestExecutionListener.populatedRequestContextHolder&apos; -&gt; true, &apos;org.springframework.test.context.web.ServletTestExecutionListener.resetRequestContextHolder&apos; -&gt; true]]
</system-err>
  </testcase>
</testsuite>